[ 2017-05-19T09:36:09+08:00 ] 127.0.0.1 /index.php/home/user/send
INFO: [ app_init ] --START--
INFO: Run Behavior\BuildLiteBehavior [ RunTime:0.000020s ]
INFO: [ app_init ] --END-- [ RunTime:0.065905s ]
INFO: [ app_begin ] --START--
INFO: Run Behavior\ReadHtmlCacheBehavior [ RunTime:0.036782s ]
INFO: [ app_begin ] --END-- [ RunTime:0.036934s ]
NOTIC: [8] Undefined variable: Think D:\xampp\htdocs\yyss\Application\Home\Controller\UserController.class.php 第 18 行.

[ 2017-05-19T09:36:38+08:00 ] 127.0.0.1 /index.php/home/user/login
INFO: [ app_init ] --START--
INFO: Run Behavior\BuildLiteBehavior [ RunTime:0.000018s ]
INFO: [ app_init ] --END-- [ RunTime:0.000616s ]
INFO: [ app_begin ] --START--
INFO: Run Behavior\ReadHtmlCacheBehavior [ RunTime:0.000769s ]
INFO: [ app_begin ] --END-- [ RunTime:0.000839s ]
NOTIC: [8] Undefined variable: Think D:\xampp\htdocs\yyss\Application\Home\Controller\UserController.class.php 第 18 行.
SQL: SHOW COLUMNS FROM `y_user` [ RunTime:0.2286s ]
SQL: SELECT * FROM `y_user` WHERE `email` = '' AND `password` = 'd41d8cd98f00b204e9800998ecf8427e'  [ RunTime:0.0141s ]
INFO: [ view_parse ] --START--
INFO: [ template_filter ] --START--
INFO: Run Behavior\ContentReplaceBehavior [ RunTime:0.013295s ]
INFO: [ template_filter ] --END-- [ RunTime:0.013390s ]
INFO: Run Behavior\ParseTemplateBehavior [ RunTime:0.473125s ]
INFO: [ view_parse ] --END-- [ RunTime:0.473286s ]
INFO: [ view_filter ] --START--
INFO: Run Behavior\WriteHtmlCacheBehavior [ RunTime:0.043630s ]
INFO: [ view_filter ] --END-- [ RunTime:0.043764s ]

[ 2017-05-19T09:36:50+08:00 ] 127.0.0.1 /index.php/home/user/send
INFO: [ app_init ] --START--
INFO: Run Behavior\BuildLiteBehavior [ RunTime:0.000012s ]
INFO: [ app_init ] --END-- [ RunTime:0.000405s ]
INFO: [ app_begin ] --START--
INFO: Run Behavior\ReadHtmlCacheBehavior [ RunTime:0.000492s ]
INFO: [ app_begin ] --END-- [ RunTime:0.000540s ]
NOTIC: [8] Undefined variable: Think D:\xampp\htdocs\yyss\Application\Home\Controller\UserController.class.php 第 18 行.

[ 2017-05-19T09:36:57+08:00 ] 127.0.0.1 /index.php/home/user/send
INFO: [ app_init ] --START--
INFO: Run Behavior\BuildLiteBehavior [ RunTime:0.000017s ]
INFO: [ app_init ] --END-- [ RunTime:0.001177s ]
INFO: [ app_begin ] --START--
INFO: Run Behavior\ReadHtmlCacheBehavior [ RunTime:0.000606s ]
INFO: [ app_begin ] --END-- [ RunTime:0.000672s ]
NOTIC: [8] Undefined variable: Think D:\xampp\htdocs\yyss\Application\Home\Controller\UserController.class.php 第 18 行.

[ 2017-05-19T09:36:58+08:00 ] 127.0.0.1 /index.php/home/user/send
INFO: [ app_init ] --START--
INFO: Run Behavior\BuildLiteBehavior [ RunTime:0.000018s ]
INFO: [ app_init ] --END-- [ RunTime:0.000519s ]
INFO: [ app_begin ] --START--
INFO: Run Behavior\ReadHtmlCacheBehavior [ RunTime:0.000456s ]
INFO: [ app_begin ] --END-- [ RunTime:0.000510s ]
NOTIC: [8] Undefined variable: Think D:\xampp\htdocs\yyss\Application\Home\Controller\UserController.class.php 第 18 行.

[ 2017-05-19T09:37:13+08:00 ] 127.0.0.1 /index.php/home/user/login
INFO: [ app_init ] --START--
INFO: Run Behavior\BuildLiteBehavior [ RunTime:0.000016s ]
INFO: [ app_init ] --END-- [ RunTime:0.000505s ]
INFO: [ app_begin ] --START--
INFO: Run Behavior\ReadHtmlCacheBehavior [ RunTime:0.000595s ]
INFO: [ app_begin ] --END-- [ RunTime:0.000654s ]
NOTIC: [8] Undefined variable: Think D:\xampp\htdocs\yyss\Application\Home\Controller\UserController.class.php 第 18 行.
SQL: SHOW COLUMNS FROM `y_user` [ RunTime:0.0980s ]
SQL: SELECT * FROM `y_user` WHERE `email` = '' AND `password` = 'd41d8cd98f00b204e9800998ecf8427e'  [ RunTime:0.0007s ]
INFO: [ view_parse ] --START--
INFO: [ template_filter ] --START--
INFO: Run Behavior\ContentReplaceBehavior [ RunTime:0.000127s ]
INFO: [ template_filter ] --END-- [ RunTime:0.000251s ]
INFO: Run Behavior\ParseTemplateBehavior [ RunTime:0.016312s ]
INFO: [ view_parse ] --END-- [ RunTime:0.016456s ]
INFO: [ view_filter ] --START--
INFO: Run Behavior\WriteHtmlCacheBehavior [ RunTime:0.000894s ]
INFO: [ view_filter ] --END-- [ RunTime:0.001002s ]

[ 2017-05-19T09:37:59+08:00 ] 127.0.0.1 /index.php/home/user/lofout
INFO: [ app_init ] --START--
INFO: Run Behavior\BuildLiteBehavior [ RunTime:0.000013s ]
INFO: [ app_init ] --END-- [ RunTime:0.000422s ]
INFO: [ app_begin ] --START--
INFO: Run Behavior\ReadHtmlCacheBehavior [ RunTime:0.000421s ]
INFO: [ app_begin ] --END-- [ RunTime:0.000465s ]
NOTIC: [8] Undefined variable: Think D:\xampp\htdocs\yyss\Application\Home\Controller\UserController.class.php 第 18 行.

[ 2017-05-19T09:38:01+08:00 ] 127.0.0.1 /index.php/home/user/lofout
INFO: [ app_init ] --START--
INFO: Run Behavior\BuildLiteBehavior [ RunTime:0.000014s ]
INFO: [ app_init ] --END-- [ RunTime:0.000458s ]
INFO: [ app_begin ] --START--
INFO: Run Behavior\ReadHtmlCacheBehavior [ RunTime:0.000666s ]
INFO: [ app_begin ] --END-- [ RunTime:0.000737s ]
NOTIC: [8] Undefined variable: Think D:\xampp\htdocs\yyss\Application\Home\Controller\UserController.class.php 第 18 行.

[ 2017-05-19T09:38:12+08:00 ] 127.0.0.1 /index.php/home/user/lofout
INFO: [ app_init ] --START--
INFO: Run Behavior\BuildLiteBehavior [ RunTime:0.000016s ]
INFO: [ app_init ] --END-- [ RunTime:0.000580s ]
INFO: [ app_begin ] --START--
INFO: Run Behavior\ReadHtmlCacheBehavior [ RunTime:0.000947s ]
INFO: [ app_begin ] --END-- [ RunTime:0.001008s ]
NOTIC: [8] Undefined variable: Think D:\xampp\htdocs\yyss\Application\Home\Controller\UserController.class.php 第 18 行.

[ 2017-05-19T09:38:29+08:00 ] 127.0.0.1 /index.php/home/user/login
INFO: [ app_init ] --START--
INFO: Run Behavior\BuildLiteBehavior [ RunTime:0.000017s ]
INFO: [ app_init ] --END-- [ RunTime:0.000435s ]
INFO: [ app_begin ] --START--
INFO: Run Behavior\ReadHtmlCacheBehavior [ RunTime:0.000435s ]
INFO: [ app_begin ] --END-- [ RunTime:0.000485s ]
NOTIC: [8] Undefined variable: Think D:\xampp\htdocs\yyss\Application\Home\Controller\UserController.class.php 第 18 行.
SQL: SHOW COLUMNS FROM `y_user` [ RunTime:0.0330s ]
SQL: SELECT * FROM `y_user` WHERE `email` = '' AND `password` = 'd41d8cd98f00b204e9800998ecf8427e'  [ RunTime:0.0014s ]
INFO: [ view_parse ] --START--
INFO: [ template_filter ] --START--
INFO: Run Behavior\ContentReplaceBehavior [ RunTime:0.000039s ]
INFO: [ template_filter ] --END-- [ RunTime:0.000075s ]
INFO: Run Behavior\ParseTemplateBehavior [ RunTime:0.004805s ]
INFO: [ view_parse ] --END-- [ RunTime:0.004853s ]
INFO: [ view_filter ] --START--
INFO: Run Behavior\WriteHtmlCacheBehavior [ RunTime:0.000319s ]
INFO: [ view_filter ] --END-- [ RunTime:0.000355s ]

[ 2017-05-19T09:38:34+08:00 ] 127.0.0.1 /index.php/home/user/login
INFO: [ app_init ] --START--
INFO: Run Behavior\BuildLiteBehavior [ RunTime:0.000024s ]
INFO: [ app_init ] --END-- [ RunTime:0.000889s ]
INFO: [ app_begin ] --START--
INFO: Run Behavior\ReadHtmlCacheBehavior [ RunTime:0.001366s ]
INFO: [ app_begin ] --END-- [ RunTime:0.001503s ]
NOTIC: [8] Undefined variable: Think D:\xampp\htdocs\yyss\Application\Home\Controller\UserController.class.php 第 18 行.
SQL: SHOW COLUMNS FROM `y_user` [ RunTime:0.0430s ]
SQL: SELECT * FROM `y_user` WHERE `email` = '' AND `password` = 'd41d8cd98f00b204e9800998ecf8427e'  [ RunTime:0.0003s ]
INFO: [ view_parse ] --START--
INFO: [ template_filter ] --START--
INFO: Run Behavior\ContentReplaceBehavior [ RunTime:0.000051s ]
INFO: [ template_filter ] --END-- [ RunTime:0.000097s ]
INFO: Run Behavior\ParseTemplateBehavior [ RunTime:0.006410s ]
INFO: [ view_parse ] --END-- [ RunTime:0.006479s ]
INFO: [ view_filter ] --START--
INFO: Run Behavior\WriteHtmlCacheBehavior [ RunTime:0.000376s ]
INFO: [ view_filter ] --END-- [ RunTime:0.000417s ]

[ 2017-05-19T09:38:44+08:00 ] 127.0.0.1 /index.php/home/user/login
INFO: [ app_init ] --START--
INFO: Run Behavior\BuildLiteBehavior [ RunTime:0.000015s ]
INFO: [ app_init ] --END-- [ RunTime:0.000500s ]
INFO: [ app_begin ] --START--
INFO: Run Behavior\ReadHtmlCacheBehavior [ RunTime:0.000606s ]
INFO: [ app_begin ] --END-- [ RunTime:0.000667s ]
NOTIC: [8] Undefined variable: Think D:\xampp\htdocs\yyss\Application\Home\Controller\UserController.class.php 第 18 行.
SQL: SHOW COLUMNS FROM `y_user` [ RunTime:0.0294s ]
SQL: SELECT * FROM `y_user` WHERE `email` = '' AND `password` = 'd41d8cd98f00b204e9800998ecf8427e'  [ RunTime:0.0010s ]
INFO: [ view_parse ] --START--
INFO: [ template_filter ] --START--
INFO: Run Behavior\ContentReplaceBehavior [ RunTime:0.000048s ]
INFO: [ template_filter ] --END-- [ RunTime:0.000095s ]
INFO: Run Behavior\ParseTemplateBehavior [ RunTime:0.009858s ]
INFO: [ view_parse ] --END-- [ RunTime:0.009928s ]
INFO: [ view_filter ] --START--
INFO: Run Behavior\WriteHtmlCacheBehavior [ RunTime:0.000710s ]
INFO: [ view_filter ] --END-- [ RunTime:0.000762s ]

[ 2017-05-19T09:38:56+08:00 ] 127.0.0.1 /index.php/home/user/send
INFO: [ app_init ] --START--
INFO: Run Behavior\BuildLiteBehavior [ RunTime:0.000021s ]
INFO: [ app_init ] --END-- [ RunTime:0.000598s ]
INFO: [ app_begin ] --START--
INFO: Run Behavior\ReadHtmlCacheBehavior [ RunTime:0.000719s ]
INFO: [ app_begin ] --END-- [ RunTime:0.000790s ]
NOTIC: [8] Undefined variable: Think D:\xampp\htdocs\yyss\Application\Home\Controller\UserController.class.php 第 18 行.

[ 2017-05-19T09:39:04+08:00 ] 127.0.0.1 /index.php/home/user/send
INFO: [ app_init ] --START--
INFO: Run Behavior\BuildLiteBehavior [ RunTime:0.000016s ]
INFO: [ app_init ] --END-- [ RunTime:0.000535s ]
INFO: [ app_begin ] --START--
INFO: Run Behavior\ReadHtmlCacheBehavior [ RunTime:0.000419s ]
INFO: [ app_begin ] --END-- [ RunTime:0.000462s ]
NOTIC: [8] Undefined variable: Think D:\xampp\htdocs\yyss\Application\Home\Controller\UserController.class.php 第 18 行.

[ 2017-05-19T09:39:05+08:00 ] 127.0.0.1 /index.php/home/user/send
INFO: [ app_init ] --START--
INFO: Run Behavior\BuildLiteBehavior [ RunTime:0.000013s ]
INFO: [ app_init ] --END-- [ RunTime:0.000357s ]
INFO: [ app_begin ] --START--
INFO: Run Behavior\ReadHtmlCacheBehavior [ RunTime:0.000457s ]
INFO: [ app_begin ] --END-- [ RunTime:0.000504s ]
NOTIC: [8] Undefined variable: Think D:\xampp\htdocs\yyss\Application\Home\Controller\UserController.class.php 第 18 行.

[ 2017-05-19T09:39:05+08:00 ] 127.0.0.1 /index.php/home/user/send
INFO: [ app_init ] --START--
INFO: Run Behavior\BuildLiteBehavior [ RunTime:0.000018s ]
INFO: [ app_init ] --END-- [ RunTime:0.000599s ]
INFO: [ app_begin ] --START--
INFO: Run Behavior\ReadHtmlCacheBehavior [ RunTime:0.000533s ]
INFO: [ app_begin ] --END-- [ RunTime:0.000592s ]
NOTIC: [8] Undefined variable: Think D:\xampp\htdocs\yyss\Application\Home\Controller\UserController.class.php 第 18 行.

[ 2017-05-19T09:43:13+08:00 ] 127.0.0.1 /index.php/home/user/login
INFO: [ app_init ] --START--
INFO: Run Behavior\BuildLiteBehavior [ RunTime:0.000022s ]
INFO: [ app_init ] --END-- [ RunTime:0.000765s ]
INFO: [ app_begin ] --START--
INFO: Run Behavior\ReadHtmlCacheBehavior [ RunTime:0.001549s ]
INFO: [ app_begin ] --END-- [ RunTime:0.001642s ]
NOTIC: [8] Undefined variable: Think D:\xampp\htdocs\yyss\Application\Home\Controller\UserController.class.php 第 18 行.
SQL: SHOW COLUMNS FROM `y_user` [ RunTime:0.0089s ]
SQL: SELECT * FROM `y_user` WHERE `email` = 'qq914111374@qq.com' AND `password` = 'e10adc3949ba59abbe56e057f20f883e'  [ RunTime:0.0004s ]
SQL: SHOW COLUMNS FROM `y_usermore` [ RunTime:0.0755s ]
SQL: SELECT * FROM `y_usermore` WHERE ( uid=8 )  [ RunTime:0.0150s ]
INFO: [ view_parse ] --START--
INFO: [ template_filter ] --START--
INFO: Run Behavior\ContentReplaceBehavior [ RunTime:0.000205s ]
INFO: [ template_filter ] --END-- [ RunTime:0.000400s ]
INFO: Run Behavior\ParseTemplateBehavior [ RunTime:0.022323s ]
INFO: [ view_parse ] --END-- [ RunTime:0.022485s ]
INFO: [ view_filter ] --START--
INFO: Run Behavior\WriteHtmlCacheBehavior [ RunTime:0.001657s ]
INFO: [ view_filter ] --END-- [ RunTime:0.001771s ]
INFO: [ app_end ] --START--
INFO: Run Behavior\ShowPageTraceBehavior [ RunTime:0.039699s ]
INFO: [ app_end ] --END-- [ RunTime:0.039836s ]

[ 2017-05-19T09:44:05+08:00 ] 127.0.0.1 /index.php/home/user/send
INFO: [ app_init ] --START--
INFO: Run Behavior\BuildLiteBehavior [ RunTime:0.000036s ]
INFO: [ app_init ] --END-- [ RunTime:0.001137s ]
INFO: [ app_begin ] --START--
INFO: Run Behavior\ReadHtmlCacheBehavior [ RunTime:0.001140s ]
INFO: [ app_begin ] --END-- [ RunTime:0.001308s ]
NOTIC: [8] Undefined variable: Think D:\xampp\htdocs\yyss\Application\Home\Controller\UserController.class.php 第 18 行.
NOTIC: [8] Undefined index: name D:\xampp\htdocs\yyss\Application\Home\Controller\UserController.class.php 第 198 行.
NOTIC: [8] Undefined index: content D:\xampp\htdocs\yyss\Application\Home\Controller\UserController.class.php 第 199 行.

[ 2017-05-19T09:44:06+08:00 ] 127.0.0.1 /index.php/home/user/send
INFO: [ app_init ] --START--
INFO: Run Behavior\BuildLiteBehavior [ RunTime:0.000016s ]
INFO: [ app_init ] --END-- [ RunTime:0.000562s ]
INFO: [ app_begin ] --START--
INFO: Run Behavior\ReadHtmlCacheBehavior [ RunTime:0.000645s ]
INFO: [ app_begin ] --END-- [ RunTime:0.000712s ]
NOTIC: [8] Undefined variable: Think D:\xampp\htdocs\yyss\Application\Home\Controller\UserController.class.php 第 18 行.
NOTIC: [8] Undefined index: name D:\xampp\htdocs\yyss\Application\Home\Controller\UserController.class.php 第 198 行.
NOTIC: [8] Undefined index: content D:\xampp\htdocs\yyss\Application\Home\Controller\UserController.class.php 第 199 行.

[ 2017-05-19T09:44:11+08:00 ] 127.0.0.1 /index.php/home/user/send
INFO: [ app_init ] --START--
INFO: Run Behavior\BuildLiteBehavior [ RunTime:0.000017s ]
INFO: [ app_init ] --END-- [ RunTime:0.000595s ]
INFO: [ app_begin ] --START--
INFO: Run Behavior\ReadHtmlCacheBehavior [ RunTime:0.000632s ]
INFO: [ app_begin ] --END-- [ RunTime:0.000696s ]
NOTIC: [8] Undefined variable: Think D:\xampp\htdocs\yyss\Application\Home\Controller\UserController.class.php 第 18 行.
NOTIC: [8] Undefined index: name D:\xampp\htdocs\yyss\Application\Home\Controller\UserController.class.php 第 198 行.
NOTIC: [8] Undefined index: content D:\xampp\htdocs\yyss\Application\Home\Controller\UserController.class.php 第 199 行.

[ 2017-05-19T09:44:20+08:00 ] 127.0.0.1 /index.php/home/user/send
INFO: [ app_init ] --START--
INFO: Run Behavior\BuildLiteBehavior [ RunTime:0.000024s ]
INFO: [ app_init ] --END-- [ RunTime:0.000795s ]
INFO: [ app_begin ] --START--
INFO: Run Behavior\ReadHtmlCacheBehavior [ RunTime:0.000941s ]
INFO: [ app_begin ] --END-- [ RunTime:0.001032s ]
NOTIC: [8] Undefined variable: Think D:\xampp\htdocs\yyss\Application\Home\Controller\UserController.class.php 第 18 行.
NOTIC: [8] Undefined index: name D:\xampp\htdocs\yyss\Application\Home\Controller\UserController.class.php 第 198 行.
NOTIC: [8] Undefined index: content D:\xampp\htdocs\yyss\Application\Home\Controller\UserController.class.php 第 199 行.

[ 2017-05-19T09:44:21+08:00 ] 127.0.0.1 /index.php/home/user/send
INFO: [ app_init ] --START--
INFO: Run Behavior\BuildLiteBehavior [ RunTime:0.000033s ]
INFO: [ app_init ] --END-- [ RunTime:0.000888s ]
INFO: [ app_begin ] --START--
INFO: Run Behavior\ReadHtmlCacheBehavior [ RunTime:0.000989s ]
INFO: [ app_begin ] --END-- [ RunTime:0.001087s ]
NOTIC: [8] Undefined variable: Think D:\xampp\htdocs\yyss\Application\Home\Controller\UserController.class.php 第 18 行.
NOTIC: [8] Undefined index: name D:\xampp\htdocs\yyss\Application\Home\Controller\UserController.class.php 第 198 行.
NOTIC: [8] Undefined index: content D:\xampp\htdocs\yyss\Application\Home\Controller\UserController.class.php 第 199 行.

[ 2017-05-19T09:44:34+08:00 ] 127.0.0.1 /index.php/home/user/send
INFO: [ app_init ] --START--
INFO: Run Behavior\BuildLiteBehavior [ RunTime:0.000015s ]
INFO: [ app_init ] --END-- [ RunTime:0.000459s ]
INFO: [ app_begin ] --START--
INFO: Run Behavior\ReadHtmlCacheBehavior [ RunTime:0.000590s ]
INFO: [ app_begin ] --END-- [ RunTime:0.000652s ]
NOTIC: [8] Undefined variable: Think D:\xampp\htdocs\yyss\Application\Home\Controller\UserController.class.php 第 18 行.
NOTIC: [8] Undefined index: name D:\xampp\htdocs\yyss\Application\Home\Controller\UserController.class.php 第 198 行.
NOTIC: [8] Undefined index: content D:\xampp\htdocs\yyss\Application\Home\Controller\UserController.class.php 第 199 行.

[ 2017-05-19T09:44:36+08:00 ] 127.0.0.1 /index.php/home/user/send
INFO: [ app_init ] --START--
INFO: Run Behavior\BuildLiteBehavior [ RunTime:0.000017s ]
INFO: [ app_init ] --END-- [ RunTime:0.000513s ]
INFO: [ app_begin ] --START--
INFO: Run Behavior\ReadHtmlCacheBehavior [ RunTime:0.000672s ]
INFO: [ app_begin ] --END-- [ RunTime:0.000751s ]
NOTIC: [8] Undefined variable: Think D:\xampp\htdocs\yyss\Application\Home\Controller\UserController.class.php 第 18 行.
NOTIC: [8] Undefined index: name D:\xampp\htdocs\yyss\Application\Home\Controller\UserController.class.php 第 198 行.
NOTIC: [8] Undefined index: content D:\xampp\htdocs\yyss\Application\Home\Controller\UserController.class.php 第 199 行.

[ 2017-05-19T09:44:44+08:00 ] 127.0.0.1 /index.php/home/user/send
INFO: [ app_init ] --START--
INFO: Run Behavior\BuildLiteBehavior [ RunTime:0.000025s ]
INFO: [ app_init ] --END-- [ RunTime:0.000912s ]
INFO: [ app_begin ] --START--
INFO: Run Behavior\ReadHtmlCacheBehavior [ RunTime:0.001497s ]
INFO: [ app_begin ] --END-- [ RunTime:0.001647s ]
NOTIC: [8] Undefined variable: Think D:\xampp\htdocs\yyss\Application\Home\Controller\UserController.class.php 第 18 行.
NOTIC: [8] Undefined index: name D:\xampp\htdocs\yyss\Application\Home\Controller\UserController.class.php 第 198 行.
NOTIC: [8] Undefined index: content D:\xampp\htdocs\yyss\Application\Home\Controller\UserController.class.php 第 199 行.

[ 2017-05-19T09:44:45+08:00 ] 127.0.0.1 /index.php/home/user/send
INFO: [ app_init ] --START--
INFO: Run Behavior\BuildLiteBehavior [ RunTime:0.000015s ]
INFO: [ app_init ] --END-- [ RunTime:0.000601s ]
INFO: [ app_begin ] --START--
INFO: Run Behavior\ReadHtmlCacheBehavior [ RunTime:0.000598s ]
INFO: [ app_begin ] --END-- [ RunTime:0.000660s ]
NOTIC: [8] Undefined variable: Think D:\xampp\htdocs\yyss\Application\Home\Controller\UserController.class.php 第 18 行.
NOTIC: [8] Undefined index: name D:\xampp\htdocs\yyss\Application\Home\Controller\UserController.class.php 第 198 行.
NOTIC: [8] Undefined index: content D:\xampp\htdocs\yyss\Application\Home\Controller\UserController.class.php 第 199 行.

[ 2017-05-19T09:44:46+08:00 ] 127.0.0.1 /index.php/home/user/send
INFO: [ app_init ] --START--
INFO: Run Behavior\BuildLiteBehavior [ RunTime:0.000032s ]
INFO: [ app_init ] --END-- [ RunTime:0.001147s ]
INFO: [ app_begin ] --START--
INFO: Run Behavior\ReadHtmlCacheBehavior [ RunTime:0.001364s ]
INFO: [ app_begin ] --END-- [ RunTime:0.001494s ]
NOTIC: [8] Undefined variable: Think D:\xampp\htdocs\yyss\Application\Home\Controller\UserController.class.php 第 18 行.
NOTIC: [8] Undefined index: name D:\xampp\htdocs\yyss\Application\Home\Controller\UserController.class.php 第 198 行.
NOTIC: [8] Undefined index: content D:\xampp\htdocs\yyss\Application\Home\Controller\UserController.class.php 第 199 行.

[ 2017-05-19T09:44:47+08:00 ] 127.0.0.1 /index.php/home/user/send
INFO: [ app_init ] --START--
INFO: Run Behavior\BuildLiteBehavior [ RunTime:0.000036s ]
INFO: [ app_init ] --END-- [ RunTime:0.001245s ]
INFO: [ app_begin ] --START--
INFO: Run Behavior\ReadHtmlCacheBehavior [ RunTime:0.001515s ]
INFO: [ app_begin ] --END-- [ RunTime:0.001724s ]
NOTIC: [8] Undefined variable: Think D:\xampp\htdocs\yyss\Application\Home\Controller\UserController.class.php 第 18 行.
NOTIC: [8] Undefined index: name D:\xampp\htdocs\yyss\Application\Home\Controller\UserController.class.php 第 198 行.
NOTIC: [8] Undefined index: content D:\xampp\htdocs\yyss\Application\Home\Controller\UserController.class.php 第 199 行.

[ 2017-05-19T09:45:01+08:00 ] 127.0.0.1 /index.php/home/user/send
INFO: [ app_init ] --START--
INFO: Run Behavior\BuildLiteBehavior [ RunTime:0.000024s ]
INFO: [ app_init ] --END-- [ RunTime:0.000913s ]
INFO: [ app_begin ] --START--
INFO: Run Behavior\ReadHtmlCacheBehavior [ RunTime:0.000958s ]
INFO: [ app_begin ] --END-- [ RunTime:0.001052s ]
NOTIC: [8] Undefined variable: Think D:\xampp\htdocs\yyss\Application\Home\Controller\UserController.class.php 第 18 行.
SQL: SHOW COLUMNS FROM `y_user` [ RunTime:0.0437s ]
SQL: SELECT `id` FROM `y_user` WHERE `name` = '悲伤' LIMIT 1   [ RunTime:0.0287s ]
SQL: SHOW COLUMNS FROM `y_provatemess` [ RunTime:0.1323s ]
SQL: INSERT INTO `y_provatemess` (`content`,`formuser_id`,`touser_id`) VALUES ('你麻痹','8','3') [ RunTime:0.0316s ]
INFO: [ app_end ] --START--
INFO: Run Behavior\ShowPageTraceBehavior [ RunTime:0.001692s ]
INFO: [ app_end ] --END-- [ RunTime:0.001838s ]

[ 2017-05-19T09:45:14+08:00 ] 127.0.0.1 /index.php/home/user/send
INFO: [ app_init ] --START--
INFO: Run Behavior\BuildLiteBehavior [ RunTime:0.000017s ]
INFO: [ app_init ] --END-- [ RunTime:0.000677s ]
INFO: [ app_begin ] --START--
INFO: Run Behavior\ReadHtmlCacheBehavior [ RunTime:0.001080s ]
INFO: [ app_begin ] --END-- [ RunTime:0.001153s ]
NOTIC: [8] Undefined variable: Think D:\xampp\htdocs\yyss\Application\Home\Controller\UserController.class.php 第 18 行.
SQL: SHOW COLUMNS FROM `y_user` [ RunTime:0.1949s ]
SQL: SELECT `id` FROM `y_user` WHERE `name` = '我的' LIMIT 1   [ RunTime:0.0005s ]
SQL: SHOW COLUMNS FROM `y_provatemess` [ RunTime:0.0118s ]
SQL: INSERT INTO `y_provatemess` (`content`,`formuser_id`,`touser_id`) VALUES ('你麻痹','8','5') [ RunTime:0.0004s ]
INFO: [ app_end ] --START--
INFO: Run Behavior\ShowPageTraceBehavior [ RunTime:0.001436s ]
INFO: [ app_end ] --END-- [ RunTime:0.001512s ]

[ 2017-05-19T09:45:42+08:00 ] 127.0.0.1 /index.php/home/user/send
INFO: [ app_init ] --START--
INFO: Run Behavior\BuildLiteBehavior [ RunTime:0.000016s ]
INFO: [ app_init ] --END-- [ RunTime:0.000492s ]
INFO: [ app_begin ] --START--
INFO: Run Behavior\ReadHtmlCacheBehavior [ RunTime:0.000760s ]
INFO: [ app_begin ] --END-- [ RunTime:0.000833s ]
NOTIC: [8] Undefined variable: Think D:\xampp\htdocs\yyss\Application\Home\Controller\UserController.class.php 第 18 行.
SQL: SHOW COLUMNS FROM `y_user` [ RunTime:0.0908s ]
SQL: SELECT `id` FROM `y_user` WHERE `name` = '我的' LIMIT 1   [ RunTime:0.0008s ]
SQL: SHOW COLUMNS FROM `y_provatemess` [ RunTime:0.0169s ]
SQL: INSERT INTO `y_provatemess` (`content`,`formuser_id`,`touser_id`) VALUES ('你麻痹','8','5') [ RunTime:0.0006s ]
INFO: [ app_end ] --START--
INFO: Run Behavior\ShowPageTraceBehavior [ RunTime:0.001663s ]
INFO: [ app_end ] --END-- [ RunTime:0.001785s ]

[ 2017-05-19T09:47:05+08:00 ] 127.0.0.1 /index.php/home/user/aa
INFO: [ app_init ] --START--
INFO: Run Behavior\BuildLiteBehavior [ RunTime:0.000012s ]
INFO: [ app_init ] --END-- [ RunTime:0.000506s ]
INFO: [ app_begin ] --START--
INFO: Run Behavior\ReadHtmlCacheBehavior [ RunTime:0.000504s ]
INFO: [ app_begin ] --END-- [ RunTime:0.000565s ]
NOTIC: [8] Undefined variable: Think D:\xampp\htdocs\yyss\Application\Home\Controller\UserController.class.php 第 18 行.
SQL: SHOW COLUMNS FROM `y_provatemess` [ RunTime:0.0773s ]
SQL: SELECT * FROM `y_provatemess` WHERE ( touser_id=8 )  [ RunTime:0.0005s ]
INFO: [ app_end ] --START--
INFO: Run Behavior\ShowPageTraceBehavior [ RunTime:0.001126s ]
INFO: [ app_end ] --END-- [ RunTime:0.001224s ]

[ 2017-05-19T09:47:15+08:00 ] 127.0.0.1 /index.php/home/user/send
INFO: [ app_init ] --START--
INFO: Run Behavior\BuildLiteBehavior [ RunTime:0.000015s ]
INFO: [ app_init ] --END-- [ RunTime:0.000619s ]
INFO: [ app_begin ] --START--
INFO: Run Behavior\ReadHtmlCacheBehavior [ RunTime:0.000948s ]
INFO: [ app_begin ] --END-- [ RunTime:0.001007s ]
NOTIC: [8] Undefined variable: Think D:\xampp\htdocs\yyss\Application\Home\Controller\UserController.class.php 第 18 行.
SQL: SHOW COLUMNS FROM `y_user` [ RunTime:0.0723s ]
SQL: SELECT `id` FROM `y_user` WHERE `name` = '我的' LIMIT 1   [ RunTime:0.0006s ]
SQL: SHOW COLUMNS FROM `y_provatemess` [ RunTime:0.0173s ]
SQL: INSERT INTO `y_provatemess` (`content`,`formuser_id`,`touser_id`) VALUES ('你麻痹','8','5') [ RunTime:0.0006s ]
INFO: [ app_end ] --START--
INFO: Run Behavior\ShowPageTraceBehavior [ RunTime:0.002384s ]
INFO: [ app_end ] --END-- [ RunTime:0.002508s ]

[ 2017-05-19T09:47:19+08:00 ] 127.0.0.1 /index.php/home/user/send
INFO: [ app_init ] --START--
INFO: Run Behavior\BuildLiteBehavior [ RunTime:0.000022s ]
INFO: [ app_init ] --END-- [ RunTime:0.000710s ]
INFO: [ app_begin ] --START--
INFO: Run Behavior\ReadHtmlCacheBehavior [ RunTime:0.000906s ]
INFO: [ app_begin ] --END-- [ RunTime:0.000992s ]
NOTIC: [8] Undefined variable: Think D:\xampp\htdocs\yyss\Application\Home\Controller\UserController.class.php 第 18 行.
SQL: SHOW COLUMNS FROM `y_user` [ RunTime:0.0861s ]
SQL: SELECT `id` FROM `y_user` WHERE `name` = '我的' LIMIT 1   [ RunTime:0.0006s ]
SQL: SHOW COLUMNS FROM `y_provatemess` [ RunTime:0.0173s ]
SQL: INSERT INTO `y_provatemess` (`content`,`formuser_id`,`touser_id`) VALUES ('你麻痹','8','5') [ RunTime:0.0006s ]
INFO: [ app_end ] --START--
INFO: Run Behavior\ShowPageTraceBehavior [ RunTime:0.001723s ]
INFO: [ app_end ] --END-- [ RunTime:0.001848s ]

[ 2017-05-19T09:53:04+08:00 ] 127.0.0.1 /index.php/home/user/send
INFO: [ app_init ] --START--
INFO: Run Behavior\BuildLiteBehavior [ RunTime:0.000024s ]
INFO: [ app_init ] --END-- [ RunTime:0.001048s ]
INFO: [ app_begin ] --START--
INFO: Run Behavior\ReadHtmlCacheBehavior [ RunTime:0.002558s ]
INFO: [ app_begin ] --END-- [ RunTime:0.002686s ]
NOTIC: [8] Undefined variable: Think D:\xampp\htdocs\yyss\Application\Home\Controller\UserController.class.php 第 18 行.
SQL: SHOW COLUMNS FROM `y_user` [ RunTime:0.0597s ]
SQL: SELECT `id` FROM `y_user` WHERE `name` = '悲伤' LIMIT 1   [ RunTime:0.0006s ]
SQL: SHOW COLUMNS FROM `y_provatemess` [ RunTime:0.0124s ]
SQL: INSERT INTO `y_provatemess` (`content`,`formuser_id`,`touser_id`) VALUES ('你麻痹','8','3') [ RunTime:0.0009s ]
INFO: [ app_end ] --START--
INFO: Run Behavior\ShowPageTraceBehavior [ RunTime:0.001740s ]
INFO: [ app_end ] --END-- [ RunTime:0.001828s ]

[ 2017-05-19T09:53:45+08:00 ] 127.0.0.1 /index.php/home/user/aa
INFO: [ app_init ] --START--
INFO: Run Behavior\BuildLiteBehavior [ RunTime:0.000014s ]
INFO: [ app_init ] --END-- [ RunTime:0.000504s ]
INFO: [ app_begin ] --START--
INFO: Run Behavior\ReadHtmlCacheBehavior [ RunTime:0.000503s ]
INFO: [ app_begin ] --END-- [ RunTime:0.000552s ]
NOTIC: [8] Undefined variable: Think D:\xampp\htdocs\yyss\Application\Home\Controller\UserController.class.php 第 18 行.
SQL: SHOW COLUMNS FROM `y_provatemess` [ RunTime:0.0585s ]
SQL: SELECT * FROM `y_provatemess` WHERE ( touser_id=8 )  [ RunTime:0.0003s ]
INFO: [ app_end ] --START--
INFO: Run Behavior\ShowPageTraceBehavior [ RunTime:0.000586s ]
INFO: [ app_end ] --END-- [ RunTime:0.000629s ]

